./memoryman -f16 -af -oOPFS ./in1 ./rfile
in1_16_f: TOTALCOST 0 0 0 410 4
./memoryman -f31 -af -oOPFS ./in1 ./rfile
in1_31_f: TOTALCOST 0 0 0 410 4
./memoryman -f16 -ar -oOPFS ./in1 ./rfile
in1_16_r: TOTALCOST 0 0 0 410 4
./memoryman -f31 -ar -oOPFS ./in1 ./rfile
in1_31_r: TOTALCOST 0 0 0 410 4
./memoryman -f16 -ac -oOPFS ./in1 ./rfile
in1_16_c: TOTALCOST 0 0 0 410 4
./memoryman -f31 -ac -oOPFS ./in1 ./rfile
in1_31_c: TOTALCOST 0 0 0 410 4
./memoryman -f16 -ae -oOPFS ./in1 ./rfile
in1_16_e: TOTALCOST 0 0 0 410 4
./memoryman -f31 -ae -oOPFS ./in1 ./rfile
in1_31_e: TOTALCOST 0 0 0 410 4
./memoryman -f16 -aa -oOPFS ./in1 ./rfile
in1_16_a: TOTALCOST 0 0 0 410 4
./memoryman -f31 -aa -oOPFS ./in1 ./rfile
in1_31_a: TOTALCOST 0 0 0 410 4
./memoryman -f16 -aw -oOPFS ./in1 ./rfile
in1_16_w: TOTALCOST 0 0 0 410 4
./memoryman -f31 -aw -oOPFS ./in1 ./rfile
in1_31_w: TOTALCOST 0 0 0 410 4
./memoryman -f16 -af -oOPFS ./in2 ./rfile
in2_16_f: TOTALCOST 0 0 0 410 4
./memoryman -f31 -af -oOPFS ./in2 ./rfile
in2_31_f: TOTALCOST 0 0 0 410 4
./memoryman -f16 -ar -oOPFS ./in2 ./rfile
in2_16_r: TOTALCOST 0 0 0 410 4
./memoryman -f31 -ar -oOPFS ./in2 ./rfile
in2_31_r: TOTALCOST 0 0 0 410 4
./memoryman -f16 -ac -oOPFS ./in2 ./rfile
in2_16_c: TOTALCOST 0 0 0 410 4
./memoryman -f31 -ac -oOPFS ./in2 ./rfile
in2_31_c: TOTALCOST 0 0 0 410 4
./memoryman -f16 -ae -oOPFS ./in2 ./rfile
in2_16_e: TOTALCOST 0 0 0 410 4
./memoryman -f31 -ae -oOPFS ./in2 ./rfile
in2_31_e: TOTALCOST 0 0 0 410 4
./memoryman -f16 -aa -oOPFS ./in2 ./rfile
in2_16_a: TOTALCOST 0 0 0 410 4
./memoryman -f31 -aa -oOPFS ./in2 ./rfile
in2_31_a: TOTALCOST 0 0 0 410 4
./memoryman -f16 -aw -oOPFS ./in2 ./rfile
in2_16_w: TOTALCOST 0 0 0 410 4
./memoryman -f31 -aw -oOPFS ./in2 ./rfile
in2_31_w: TOTALCOST 0 0 0 410 4
./memoryman -f16 -af -oOPFS ./in3 ./rfile
in3_16_f: TOTALCOST 0 0 0 410 4
./memoryman -f31 -af -oOPFS ./in3 ./rfile
in3_31_f: TOTALCOST 0 0 0 410 4
./memoryman -f16 -ar -oOPFS ./in3 ./rfile
in3_16_r: TOTALCOST 0 0 0 410 4
./memoryman -f31 -ar -oOPFS ./in3 ./rfile
in3_31_r: TOTALCOST 0 0 0 410 4
./memoryman -f16 -ac -oOPFS ./in3 ./rfile
in3_16_c: TOTALCOST 0 0 0 410 4
./memoryman -f31 -ac -oOPFS ./in3 ./rfile
in3_31_c: TOTALCOST 0 0 0 410 4
./memoryman -f16 -ae -oOPFS ./in3 ./rfile
in3_16_e: TOTALCOST 0 0 0 410 4
./memoryman -f31 -ae -oOPFS ./in3 ./rfile
in3_31_e: TOTALCOST 0 0 0 410 4
./memoryman -f16 -aa -oOPFS ./in3 ./rfile
in3_16_a: TOTALCOST 0 0 0 410 4
./memoryman -f31 -aa -oOPFS ./in3 ./rfile
in3_31_a: TOTALCOST 0 0 0 410 4
./memoryman -f16 -aw -oOPFS ./in3 ./rfile
in3_16_w: TOTALCOST 0 0 0 410 4
./memoryman -f31 -aw -oOPFS ./in3 ./rfile
in3_31_w: TOTALCOST 0 0 0 410 4
./memoryman -f16 -af -oOPFS ./in4 ./rfile
in4_16_f: TOTALCOST 0 0 0 410 4
./memoryman -f31 -af -oOPFS ./in4 ./rfile
in4_31_f: TOTALCOST 0 0 0 410 4
./memoryman -f16 -ar -oOPFS ./in4 ./rfile
in4_16_r: TOTALCOST 0 0 0 410 4
./memoryman -f31 -ar -oOPFS ./in4 ./rfile
in4_31_r: TOTALCOST 0 0 0 410 4
./memoryman -f16 -ac -oOPFS ./in4 ./rfile
in4_16_c: TOTALCOST 0 0 0 410 4
./memoryman -f31 -ac -oOPFS ./in4 ./rfile
in4_31_c: TOTALCOST 0 0 0 410 4
./memoryman -f16 -ae -oOPFS ./in4 ./rfile
in4_16_e: TOTALCOST 0 0 0 410 4
./memoryman -f31 -ae -oOPFS ./in4 ./rfile
in4_31_e: TOTALCOST 0 0 0 410 4
./memoryman -f16 -aa -oOPFS ./in4 ./rfile
in4_16_a: TOTALCOST 0 0 0 410 4
./memoryman -f31 -aa -oOPFS ./in4 ./rfile
in4_31_a: TOTALCOST 0 0 0 410 4
./memoryman -f16 -aw -oOPFS ./in4 ./rfile
in4_16_w: TOTALCOST 0 0 0 410 4
./memoryman -f31 -aw -oOPFS ./in4 ./rfile
in4_31_w: TOTALCOST 0 0 0 410 4
./memoryman -f16 -af -oOPFS ./in5 ./rfile
in5_16_f: TOTALCOST 0 0 0 410 4
./memoryman -f31 -af -oOPFS ./in5 ./rfile
in5_31_f: TOTALCOST 0 0 0 410 4
./memoryman -f16 -ar -oOPFS ./in5 ./rfile
in5_16_r: TOTALCOST 0 0 0 410 4
./memoryman -f31 -ar -oOPFS ./in5 ./rfile
in5_31_r: TOTALCOST 0 0 0 410 4
./memoryman -f16 -ac -oOPFS ./in5 ./rfile
in5_16_c: TOTALCOST 0 0 0 410 4
./memoryman -f31 -ac -oOPFS ./in5 ./rfile
in5_31_c: TOTALCOST 0 0 0 410 4
./memoryman -f16 -ae -oOPFS ./in5 ./rfile
in5_16_e: TOTALCOST 0 0 0 410 4
./memoryman -f31 -ae -oOPFS ./in5 ./rfile
in5_31_e: TOTALCOST 0 0 0 410 4
./memoryman -f16 -aa -oOPFS ./in5 ./rfile
in5_16_a: TOTALCOST 0 0 0 410 4
./memoryman -f31 -aa -oOPFS ./in5 ./rfile
in5_31_a: TOTALCOST 0 0 0 410 4
./memoryman -f16 -aw -oOPFS ./in5 ./rfile
in5_16_w: TOTALCOST 0 0 0 410 4
./memoryman -f31 -aw -oOPFS ./in5 ./rfile
in5_31_w: TOTALCOST 0 0 0 410 4
./memoryman -f16 -af -oOPFS ./in6 ./rfile
in6_16_f: TOTALCOST 0 0 0 410 4
./memoryman -f31 -af -oOPFS ./in6 ./rfile
in6_31_f: TOTALCOST 0 0 0 410 4
./memoryman -f16 -ar -oOPFS ./in6 ./rfile
in6_16_r: TOTALCOST 0 0 0 410 4
./memoryman -f31 -ar -oOPFS ./in6 ./rfile
in6_31_r: TOTALCOST 0 0 0 410 4
./memoryman -f16 -ac -oOPFS ./in6 ./rfile
in6_16_c: TOTALCOST 0 0 0 410 4
./memoryman -f31 -ac -oOPFS ./in6 ./rfile
in6_31_c: TOTALCOST 0 0 0 410 4
./memoryman -f16 -ae -oOPFS ./in6 ./rfile
in6_16_e: TOTALCOST 0 0 0 410 4
./memoryman -f31 -ae -oOPFS ./in6 ./rfile
in6_31_e: TOTALCOST 0 0 0 410 4
./memoryman -f16 -aa -oOPFS ./in6 ./rfile
in6_16_a: TOTALCOST 0 0 0 410 4
./memoryman -f31 -aa -oOPFS ./in6 ./rfile
in6_31_a: TOTALCOST 0 0 0 410 4
./memoryman -f16 -aw -oOPFS ./in6 ./rfile
in6_16_w: TOTALCOST 0 0 0 410 4
./memoryman -f31 -aw -oOPFS ./in6 ./rfile
in6_31_w: TOTALCOST 0 0 0 410 4
./memoryman -f16 -af -oOPFS ./in7 ./rfile
in7_16_f: TOTALCOST 0 0 0 410 4
./memoryman -f31 -af -oOPFS ./in7 ./rfile
in7_31_f: TOTALCOST 0 0 0 410 4
./memoryman -f16 -ar -oOPFS ./in7 ./rfile
in7_16_r: TOTALCOST 0 0 0 410 4
./memoryman -f31 -ar -oOPFS ./in7 ./rfile
in7_31_r: TOTALCOST 0 0 0 410 4
./memoryman -f16 -ac -oOPFS ./in7 ./rfile
in7_16_c: TOTALCOST 0 0 0 410 4
./memoryman -f31 -ac -oOPFS ./in7 ./rfile
in7_31_c: TOTALCOST 0 0 0 410 4
./memoryman -f16 -ae -oOPFS ./in7 ./rfile
in7_16_e: TOTALCOST 0 0 0 410 4
./memoryman -f31 -ae -oOPFS ./in7 ./rfile
in7_31_e: TOTALCOST 0 0 0 410 4
./memoryman -f16 -aa -oOPFS ./in7 ./rfile
in7_16_a: TOTALCOST 0 0 0 410 4
./memoryman -f31 -aa -oOPFS ./in7 ./rfile
in7_31_a: TOTALCOST 0 0 0 410 4
./memoryman -f16 -aw -oOPFS ./in7 ./rfile
in7_16_w: TOTALCOST 0 0 0 410 4
./memoryman -f31 -aw -oOPFS ./in7 ./rfile
in7_31_w: TOTALCOST 0 0 0 410 4
./memoryman -f16 -af -oOPFS ./in8 ./rfile
in8_16_f: TOTALCOST 0 0 0 410 4
./memoryman -f31 -af -oOPFS ./in8 ./rfile
in8_31_f: TOTALCOST 0 0 0 410 4
./memoryman -f16 -ar -oOPFS ./in8 ./rfile
in8_16_r: TOTALCOST 0 0 0 410 4
./memoryman -f31 -ar -oOPFS ./in8 ./rfile
in8_31_r: TOTALCOST 0 0 0 410 4
./memoryman -f16 -ac -oOPFS ./in8 ./rfile
in8_16_c: TOTALCOST 0 0 0 410 4
./memoryman -f31 -ac -oOPFS ./in8 ./rfile
in8_31_c: TOTALCOST 0 0 0 410 4
./memoryman -f16 -ae -oOPFS ./in8 ./rfile
in8_16_e: TOTALCOST 0 0 0 410 4
./memoryman -f31 -ae -oOPFS ./in8 ./rfile
in8_31_e: TOTALCOST 0 0 0 410 4
./memoryman -f16 -aa -oOPFS ./in8 ./rfile
in8_16_a: TOTALCOST 0 0 0 410 4
./memoryman -f31 -aa -oOPFS ./in8 ./rfile
in8_31_a: TOTALCOST 0 0 0 410 4
./memoryman -f16 -aw -oOPFS ./in8 ./rfile
in8_16_w: TOTALCOST 0 0 0 410 4
./memoryman -f31 -aw -oOPFS ./in8 ./rfile
in8_31_w: TOTALCOST 0 0 0 410 4
./memoryman -f16 -af -oOPFS ./in9 ./rfile
in9_16_f: TOTALCOST 0 0 0 410 4
./memoryman -f31 -af -oOPFS ./in9 ./rfile
in9_31_f: TOTALCOST 0 0 0 410 4
./memoryman -f16 -ar -oOPFS ./in9 ./rfile
in9_16_r: TOTALCOST 0 0 0 410 4
./memoryman -f31 -ar -oOPFS ./in9 ./rfile
in9_31_r: TOTALCOST 0 0 0 410 4
./memoryman -f16 -ac -oOPFS ./in9 ./rfile
in9_16_c: TOTALCOST 0 0 0 410 4
./memoryman -f31 -ac -oOPFS ./in9 ./rfile
in9_31_c: TOTALCOST 0 0 0 410 4
./memoryman -f16 -ae -oOPFS ./in9 ./rfile
in9_16_e: TOTALCOST 0 0 0 410 4
./memoryman -f31 -ae -oOPFS ./in9 ./rfile
in9_31_e: TOTALCOST 0 0 0 410 4
./memoryman -f16 -aa -oOPFS ./in9 ./rfile
in9_16_a: TOTALCOST 0 0 0 410 4
./memoryman -f31 -aa -oOPFS ./in9 ./rfile
in9_31_a: TOTALCOST 0 0 0 410 4
./memoryman -f16 -aw -oOPFS ./in9 ./rfile
in9_16_w: TOTALCOST 0 0 0 410 4
./memoryman -f31 -aw -oOPFS ./in9 ./rfile
in9_31_w: TOTALCOST 0 0 0 410 4
./memoryman -f16 -af -oOPFS ./in10 ./rfile
in10_16_f: TOTALCOST 0 0 0 410 4
./memoryman -f31 -af -oOPFS ./in10 ./rfile
in10_31_f: TOTALCOST 0 0 0 410 4
./memoryman -f16 -ar -oOPFS ./in10 ./rfile
in10_16_r: TOTALCOST 0 0 0 410 4
./memoryman -f31 -ar -oOPFS ./in10 ./rfile
in10_31_r: TOTALCOST 0 0 0 410 4
./memoryman -f16 -ac -oOPFS ./in10 ./rfile
in10_16_c: TOTALCOST 0 0 0 410 4
./memoryman -f31 -ac -oOPFS ./in10 ./rfile
in10_31_c: TOTALCOST 0 0 0 410 4
./memoryman -f16 -ae -oOPFS ./in10 ./rfile
in10_16_e: TOTALCOST 0 0 0 410 4
./memoryman -f31 -ae -oOPFS ./in10 ./rfile
in10_31_e: TOTALCOST 0 0 0 410 4
./memoryman -f16 -aa -oOPFS ./in10 ./rfile
in10_16_a: TOTALCOST 0 0 0 410 4
./memoryman -f31 -aa -oOPFS ./in10 ./rfile
in10_31_a: TOTALCOST 0 0 0 410 4
./memoryman -f16 -aw -oOPFS ./in10 ./rfile
in10_16_w: TOTALCOST 0 0 0 410 4
./memoryman -f31 -aw -oOPFS ./in10 ./rfile
in10_31_w: TOTALCOST 0 0 0 410 4
./memoryman -f16 -af -oOPFS ./in11 ./rfile
in11_16_f: TOTALCOST 0 0 0 410 4
./memoryman -f31 -af -oOPFS ./in11 ./rfile
in11_31_f: TOTALCOST 0 0 0 410 4
./memoryman -f16 -ar -oOPFS ./in11 ./rfile
in11_16_r: TOTALCOST 0 0 0 410 4
./memoryman -f31 -ar -oOPFS ./in11 ./rfile
in11_31_r: TOTALCOST 0 0 0 410 4
./memoryman -f16 -ac -oOPFS ./in11 ./rfile
in11_16_c: TOTALCOST 0 0 0 410 4
./memoryman -f31 -ac -oOPFS ./in11 ./rfile
in11_31_c: TOTALCOST 0 0 0 410 4
./memoryman -f16 -ae -oOPFS ./in11 ./rfile
in11_16_e: TOTALCOST 0 0 0 410 4
./memoryman -f31 -ae -oOPFS ./in11 ./rfile
in11_31_e: TOTALCOST 0 0 0 410 4
./memoryman -f16 -aa -oOPFS ./in11 ./rfile
in11_16_a: TOTALCOST 0 0 0 410 4
./memoryman -f31 -aa -oOPFS ./in11 ./rfile
in11_31_a: TOTALCOST 0 0 0 410 4
./memoryman -f16 -aw -oOPFS ./in11 ./rfile
in11_16_w: TOTALCOST 0 0 0 410 4
./memoryman -f31 -aw -oOPFS ./in11 ./rfile
in11_31_w: TOTALCOST 0 0 0 410 4
